<?xml version="1.0" encoding="UTF-8"?>
<testsuite xmlns:xsi="http://www.w3.org/2001/XMLSchema-instance" xsi:noNamespaceSchemaLocation="https://maven.apache.org/surefire/maven-surefire-plugin/xsd/surefire-test-report-3.0.xsd" version="3.0" name="TestSuite" time="116.272" tests="7" errors="0" skipped="2" failures="5">
  <properties>
    <property name="sun.desktop" value="windows"/>
    <property name="awt.toolkit" value="sun.awt.windows.WToolkit"/>
    <property name="java.specification.version" value="1.8"/>
    <property name="file.encoding.pkg" value="sun.io"/>
    <property name="webdriver.chrome.driver" value="./src/main/resources/Drivers/chromedriver.exe"/>
    <property name="sun.cpu.isalist" value="amd64"/>
    <property name="sun.jnu.encoding" value="Cp1252"/>
    <property name="java.class.path" value="C:\Users\Impactqa\Documents\workspace-sts-3.9.9.RELEASE\EmpirixAutomationTest\target\test-classes;C:\Users\Impactqa\Documents\workspace-sts-3.9.9.RELEASE\EmpirixAutomationTest\target\classes;C:\Users\Impactqa\.m2\repository\org\testng\testng\7.1.0\testng-7.1.0.jar;C:\Users\Impactqa\.m2\repository\com\beust\jcommander\1.72\jcommander-1.72.jar;C:\Users\Impactqa\.m2\repository\com\google\inject\guice\4.1.0\guice-4.1.0-no_aop.jar;C:\Users\Impactqa\.m2\repository\javax\inject\javax.inject\1\javax.inject-1.jar;C:\Users\Impactqa\.m2\repository\aopalliance\aopalliance\1.0\aopalliance-1.0.jar;C:\Users\Impactqa\.m2\repository\org\yaml\snakeyaml\1.21\snakeyaml-1.21.jar;C:\Users\Impactqa\.m2\repository\org\seleniumhq\selenium\selenium-java\3.141.59\selenium-java-3.141.59.jar;C:\Users\Impactqa\.m2\repository\org\seleniumhq\selenium\selenium-api\3.141.59\selenium-api-3.141.59.jar;C:\Users\Impactqa\.m2\repository\org\seleniumhq\selenium\selenium-chrome-driver\3.141.59\selenium-chrome-driver-3.141.59.jar;C:\Users\Impactqa\.m2\repository\org\seleniumhq\selenium\selenium-edge-driver\3.141.59\selenium-edge-driver-3.141.59.jar;C:\Users\Impactqa\.m2\repository\org\seleniumhq\selenium\selenium-firefox-driver\3.141.59\selenium-firefox-driver-3.141.59.jar;C:\Users\Impactqa\.m2\repository\org\seleniumhq\selenium\selenium-ie-driver\3.141.59\selenium-ie-driver-3.141.59.jar;C:\Users\Impactqa\.m2\repository\org\seleniumhq\selenium\selenium-opera-driver\3.141.59\selenium-opera-driver-3.141.59.jar;C:\Users\Impactqa\.m2\repository\org\seleniumhq\selenium\selenium-remote-driver\3.141.59\selenium-remote-driver-3.141.59.jar;C:\Users\Impactqa\.m2\repository\org\seleniumhq\selenium\selenium-safari-driver\3.141.59\selenium-safari-driver-3.141.59.jar;C:\Users\Impactqa\.m2\repository\org\seleniumhq\selenium\selenium-support\3.141.59\selenium-support-3.141.59.jar;C:\Users\Impactqa\.m2\repository\net\bytebuddy\byte-buddy\1.8.15\byte-buddy-1.8.15.jar;C:\Users\Impactqa\.m2\repository\org\apache\commons\commons-exec\1.3\commons-exec-1.3.jar;C:\Users\Impactqa\.m2\repository\com\google\guava\guava\25.0-jre\guava-25.0-jre.jar;C:\Users\Impactqa\.m2\repository\com\google\code\findbugs\jsr305\1.3.9\jsr305-1.3.9.jar;C:\Users\Impactqa\.m2\repository\org\checkerframework\checker-compat-qual\2.0.0\checker-compat-qual-2.0.0.jar;C:\Users\Impactqa\.m2\repository\com\google\errorprone\error_prone_annotations\2.1.3\error_prone_annotations-2.1.3.jar;C:\Users\Impactqa\.m2\repository\com\google\j2objc\j2objc-annotations\1.1\j2objc-annotations-1.1.jar;C:\Users\Impactqa\.m2\repository\org\codehaus\mojo\animal-sniffer-annotations\1.14\animal-sniffer-annotations-1.14.jar;C:\Users\Impactqa\.m2\repository\com\squareup\okhttp3\okhttp\3.11.0\okhttp-3.11.0.jar;C:\Users\Impactqa\.m2\repository\com\squareup\okio\okio\1.14.0\okio-1.14.0.jar;C:\Users\Impactqa\.m2\repository\log4j\log4j\1.2.17\log4j-1.2.17.jar;C:\Users\Impactqa\.m2\repository\commons-io\commons-io\2.6\commons-io-2.6.jar;C:\Users\Impactqa\.m2\repository\org\apache\poi\poi-ooxml\3.5-beta5\poi-ooxml-3.5-beta5.jar;C:\Users\Impactqa\.m2\repository\org\apache\poi\poi\3.5-beta5\poi-3.5-beta5.jar;C:\Users\Impactqa\.m2\repository\commons-logging\commons-logging\1.1\commons-logging-1.1.jar;C:\Users\Impactqa\.m2\repository\logkit\logkit\1.0.1\logkit-1.0.1.jar;C:\Users\Impactqa\.m2\repository\avalon-framework\avalon-framework\4.1.3\avalon-framework-4.1.3.jar;C:\Users\Impactqa\.m2\repository\javax\servlet\servlet-api\2.3\servlet-api-2.3.jar;C:\Users\Impactqa\.m2\repository\org\apache\poi\ooxml-schemas\1.0\ooxml-schemas-1.0.jar;C:\Users\Impactqa\.m2\repository\org\apache\xmlbeans\xmlbeans\2.3.0\xmlbeans-2.3.0.jar;C:\Users\Impactqa\.m2\repository\stax\stax-api\1.0.1\stax-api-1.0.1.jar;C:\Users\Impactqa\.m2\repository\dom4j\dom4j\1.6.1\dom4j-1.6.1.jar;C:\Users\Impactqa\.m2\repository\xml-apis\xml-apis\1.0.b2\xml-apis-1.0.b2.jar;"/>
    <property name="java.vm.vendor" value="Oracle Corporation"/>
    <property name="sun.arch.data.model" value="64"/>
    <property name="webdriver.ie.driver" value="./src/main/resources/Drivers/IEDriverServer.exe"/>
    <property name="user.variant" value=""/>
    <property name="java.vendor.url" value="http://java.oracle.com/"/>
    <property name="user.timezone" value="Asia/Calcutta"/>
    <property name="java.vm.specification.version" value="1.8"/>
    <property name="os.name" value="Windows 10"/>
    <property name="user.country" value="IN"/>
    <property name="sun.java.launcher" value="SUN_STANDARD"/>
    <property name="sun.boot.library.path" value="C:\Program Files\Java\jdk1.8.0_221\jre\bin"/>
    <property name="sun.java.command" value="C:\Users\Impactqa\AppData\Local\Temp\surefire3582799182828703818\surefirebooter6622282152571926589.jar C:\Users\Impactqa\AppData\Local\Temp\surefire3582799182828703818 2020-04-20T17-13-09_390-jvmRun1 surefire7061488688034544601tmp surefire_06563867872683257793tmp"/>
    <property name="surefire.test.class.path" value="C:\Users\Impactqa\Documents\workspace-sts-3.9.9.RELEASE\EmpirixAutomationTest\target\test-classes;C:\Users\Impactqa\Documents\workspace-sts-3.9.9.RELEASE\EmpirixAutomationTest\target\classes;C:\Users\Impactqa\.m2\repository\org\testng\testng\7.1.0\testng-7.1.0.jar;C:\Users\Impactqa\.m2\repository\com\beust\jcommander\1.72\jcommander-1.72.jar;C:\Users\Impactqa\.m2\repository\com\google\inject\guice\4.1.0\guice-4.1.0-no_aop.jar;C:\Users\Impactqa\.m2\repository\javax\inject\javax.inject\1\javax.inject-1.jar;C:\Users\Impactqa\.m2\repository\aopalliance\aopalliance\1.0\aopalliance-1.0.jar;C:\Users\Impactqa\.m2\repository\org\yaml\snakeyaml\1.21\snakeyaml-1.21.jar;C:\Users\Impactqa\.m2\repository\org\seleniumhq\selenium\selenium-java\3.141.59\selenium-java-3.141.59.jar;C:\Users\Impactqa\.m2\repository\org\seleniumhq\selenium\selenium-api\3.141.59\selenium-api-3.141.59.jar;C:\Users\Impactqa\.m2\repository\org\seleniumhq\selenium\selenium-chrome-driver\3.141.59\selenium-chrome-driver-3.141.59.jar;C:\Users\Impactqa\.m2\repository\org\seleniumhq\selenium\selenium-edge-driver\3.141.59\selenium-edge-driver-3.141.59.jar;C:\Users\Impactqa\.m2\repository\org\seleniumhq\selenium\selenium-firefox-driver\3.141.59\selenium-firefox-driver-3.141.59.jar;C:\Users\Impactqa\.m2\repository\org\seleniumhq\selenium\selenium-ie-driver\3.141.59\selenium-ie-driver-3.141.59.jar;C:\Users\Impactqa\.m2\repository\org\seleniumhq\selenium\selenium-opera-driver\3.141.59\selenium-opera-driver-3.141.59.jar;C:\Users\Impactqa\.m2\repository\org\seleniumhq\selenium\selenium-remote-driver\3.141.59\selenium-remote-driver-3.141.59.jar;C:\Users\Impactqa\.m2\repository\org\seleniumhq\selenium\selenium-safari-driver\3.141.59\selenium-safari-driver-3.141.59.jar;C:\Users\Impactqa\.m2\repository\org\seleniumhq\selenium\selenium-support\3.141.59\selenium-support-3.141.59.jar;C:\Users\Impactqa\.m2\repository\net\bytebuddy\byte-buddy\1.8.15\byte-buddy-1.8.15.jar;C:\Users\Impactqa\.m2\repository\org\apache\commons\commons-exec\1.3\commons-exec-1.3.jar;C:\Users\Impactqa\.m2\repository\com\google\guava\guava\25.0-jre\guava-25.0-jre.jar;C:\Users\Impactqa\.m2\repository\com\google\code\findbugs\jsr305\1.3.9\jsr305-1.3.9.jar;C:\Users\Impactqa\.m2\repository\org\checkerframework\checker-compat-qual\2.0.0\checker-compat-qual-2.0.0.jar;C:\Users\Impactqa\.m2\repository\com\google\errorprone\error_prone_annotations\2.1.3\error_prone_annotations-2.1.3.jar;C:\Users\Impactqa\.m2\repository\com\google\j2objc\j2objc-annotations\1.1\j2objc-annotations-1.1.jar;C:\Users\Impactqa\.m2\repository\org\codehaus\mojo\animal-sniffer-annotations\1.14\animal-sniffer-annotations-1.14.jar;C:\Users\Impactqa\.m2\repository\com\squareup\okhttp3\okhttp\3.11.0\okhttp-3.11.0.jar;C:\Users\Impactqa\.m2\repository\com\squareup\okio\okio\1.14.0\okio-1.14.0.jar;C:\Users\Impactqa\.m2\repository\log4j\log4j\1.2.17\log4j-1.2.17.jar;C:\Users\Impactqa\.m2\repository\commons-io\commons-io\2.6\commons-io-2.6.jar;C:\Users\Impactqa\.m2\repository\org\apache\poi\poi-ooxml\3.5-beta5\poi-ooxml-3.5-beta5.jar;C:\Users\Impactqa\.m2\repository\org\apache\poi\poi\3.5-beta5\poi-3.5-beta5.jar;C:\Users\Impactqa\.m2\repository\commons-logging\commons-logging\1.1\commons-logging-1.1.jar;C:\Users\Impactqa\.m2\repository\logkit\logkit\1.0.1\logkit-1.0.1.jar;C:\Users\Impactqa\.m2\repository\avalon-framework\avalon-framework\4.1.3\avalon-framework-4.1.3.jar;C:\Users\Impactqa\.m2\repository\javax\servlet\servlet-api\2.3\servlet-api-2.3.jar;C:\Users\Impactqa\.m2\repository\org\apache\poi\ooxml-schemas\1.0\ooxml-schemas-1.0.jar;C:\Users\Impactqa\.m2\repository\org\apache\xmlbeans\xmlbeans\2.3.0\xmlbeans-2.3.0.jar;C:\Users\Impactqa\.m2\repository\stax\stax-api\1.0.1\stax-api-1.0.1.jar;C:\Users\Impactqa\.m2\repository\dom4j\dom4j\1.6.1\dom4j-1.6.1.jar;C:\Users\Impactqa\.m2\repository\xml-apis\xml-apis\1.0.b2\xml-apis-1.0.b2.jar;"/>
    <property name="sun.cpu.endian" value="little"/>
    <property name="user.home" value="C:\Users\Impactqa"/>
    <property name="user.language" value="en"/>
    <property name="java.specification.vendor" value="Oracle Corporation"/>
    <property name="java.home" value="C:\Program Files\Java\jdk1.8.0_221\jre"/>
    <property name="basedir" value="C:\Users\Impactqa\Documents\workspace-sts-3.9.9.RELEASE\EmpirixAutomationTest"/>
    <property name="style.color" value="always"/>
    <property name="file.separator" value="\"/>
    <property name="line.separator" value="&#10;"/>
    <property name="java.vm.specification.vendor" value="Oracle Corporation"/>
    <property name="java.specification.name" value="Java Platform API Specification"/>
    <property name="java.awt.graphicsenv" value="sun.awt.Win32GraphicsEnvironment"/>
    <property name="surefire.real.class.path" value="C:\Users\Impactqa\AppData\Local\Temp\surefire3582799182828703818\surefirebooter6622282152571926589.jar"/>
    <property name="sun.boot.class.path" value="C:\Program Files\Java\jdk1.8.0_221\jre\lib\resources.jar;C:\Program Files\Java\jdk1.8.0_221\jre\lib\rt.jar;C:\Program Files\Java\jdk1.8.0_221\jre\lib\sunrsasign.jar;C:\Program Files\Java\jdk1.8.0_221\jre\lib\jsse.jar;C:\Program Files\Java\jdk1.8.0_221\jre\lib\jce.jar;C:\Program Files\Java\jdk1.8.0_221\jre\lib\charsets.jar;C:\Program Files\Java\jdk1.8.0_221\jre\lib\jfr.jar;C:\Program Files\Java\jdk1.8.0_221\jre\classes"/>
    <property name="user.script" value=""/>
    <property name="sun.management.compiler" value="HotSpot 64-Bit Tiered Compilers"/>
    <property name="java.runtime.version" value="1.8.0_221-b11"/>
    <property name="user.name" value="Impactqa"/>
    <property name="path.separator" value=";"/>
    <property name="os.version" value="10.0"/>
    <property name="java.endorsed.dirs" value="C:\Program Files\Java\jdk1.8.0_221\jre\lib\endorsed"/>
    <property name="java.runtime.name" value="Java(TM) SE Runtime Environment"/>
    <property name="file.encoding" value="Cp1252"/>
    <property name="java.vm.name" value="Java HotSpot(TM) 64-Bit Server VM"/>
    <property name="localRepository" value="C:\Users\Impactqa\.m2\repository"/>
    <property name="java.vendor.url.bug" value="http://bugreport.sun.com/bugreport/"/>
    <property name="java.io.tmpdir" value="C:\Users\Impactqa\AppData\Local\Temp\"/>
    <property name="java.version" value="1.8.0_221"/>
    <property name="user.dir" value="C:\Users\Impactqa\Documents\workspace-sts-3.9.9.RELEASE\EmpirixAutomationTest"/>
    <property name="os.arch" value="amd64"/>
    <property name="webdriver.gecko.driver" value="./src/main/resources/Drivers/geckodriver.exe"/>
    <property name="java.vm.specification.name" value="Java Virtual Machine Specification"/>
    <property name="java.awt.printerjob" value="sun.awt.windows.WPrinterJob"/>
    <property name="sun.os.patch.level" value=""/>
    <property name="java.library.path" value="C:\Program Files\Java\jdk1.8.0_221\jre\bin;C:\WINDOWS\Sun\Java\bin;C:\WINDOWS\system32;C:\WINDOWS;C:/Program Files/Java/jdk1.8.0_221/bin/../jre/bin/server;C:/Program Files/Java/jdk1.8.0_221/bin/../jre/bin;C:/Program Files/Java/jdk1.8.0_221/bin/../jre/lib/amd64;C:\WINDOWS\system32;C:\WINDOWS;C:\WINDOWS\System32\Wbem;C:\WINDOWS\System32\WindowsPowerShell\v1.0\;C:\WINDOWS\System32\OpenSSH\;C:\Program Files (x86)\BEA Systems\Tuxedo80\bin;C:\Program Files\Java\jdk1.8.0_221\bin;C:\Users\Impactqa\AppData\Local\Android\Sdk\tools;C:\Users\Impactqa\AppData\Local\Android\Sdk\platform-tools;C:\Users\Impactqa\AppData\Local\Android\Sdk\tools\bin;C:\Program Files\nodejs\;C:\Program Files (x86)\Git\cmd;C:\Users\Impactqa\AppData\Local\Microsoft\WindowsApps;C:\Users\Impactqa\AppData\Roaming\npm;;D:\Softwares\spring-tool-suite-3.9.9.RELEASE-e4.12.0-win32-x86_64\sts-bundle\sts-3.9.9.RELEASE;;."/>
    <property name="java.vm.info" value="mixed mode"/>
    <property name="java.vendor" value="Oracle Corporation"/>
    <property name="java.vm.version" value="25.221-b11"/>
    <property name="java.ext.dirs" value="C:\Program Files\Java\jdk1.8.0_221\jre\lib\ext;C:\WINDOWS\Sun\Java\lib\ext"/>
    <property name="sun.io.unicode.encoding" value="UnicodeLittle"/>
    <property name="java.class.version" value="52.0"/>
  </properties>
  <testcase name="setUp" classname="com.empirix.testCases.LoginTest" time="8.665">
    <failure type="java.lang.NullPointerException"><![CDATA[java.lang.NullPointerException
]]></failure>
    <system-out><![CDATA[2020-04-20 17:13:18 ERROR Log:32 - Exception while Launching browser
Exception while Launching browser
java.net.ConnectException: Failed to connect to localhost/0:0:0:0:0:0:0:1:17547
Build info: version: '3.141.59', revision: 'e82be7d358', time: '2018-11-14T08:17:03'
System info: host: 'IQA_MAYANKPARAS', ip: '192.168.1.103', os.name: 'Windows 10', os.arch: 'amd64', os.version: '10.0', java.version: '1.8.0_221'
Driver info: driver.version: InternetExplorerDriver
2020-04-20 17:13:18 INFO  Log:22 - Firefox Launched
Firefox Launched
2020-04-20 17:13:18 INFO  Log:22 - Chrome Launched
Chrome Launched
]]></system-out>
    <system-err><![CDATA[Starting ChromeDriver 80.0.3987.106 (f68069574609230cf9b635cd784cfb1bf81bb53a-refs/branch-heads/3987@{#882}) on port 42118
Only local connections are allowed.
Please protect ports used by ChromeDriver and related test frameworks to prevent access by malicious code.
Started InternetExplorerDriver server (64-bit)
3.9.0.0
Listening on port 17547
Only local connections are allowed
1587382992481	mozrunner::runner	INFO	Running command: "C:\\Program Files\\Mozilla Firefox\\firefox.exe" "-marionette" "-foreground" "-no-remote" "-profile" "C:\\Users\\Impactqa\\AppData\\Local\\Temp\\rust_mozprofile64c3Yh"
1587382994311	addons.webextension.doh-rollout@mozilla.org	WARN	Loading extension 'doh-rollout@mozilla.org': Reading manifest: Invalid extension permission: networkStatus
1587382994770	addons.webextension.screenshots@mozilla.org	WARN	Loading extension 'screenshots@mozilla.org': Reading manifest: Invalid extension permission: mozillaAddons
1587382994771	addons.webextension.screenshots@mozilla.org	WARN	Loading extension 'screenshots@mozilla.org': Reading manifest: Invalid extension permission: telemetry
1587382994771	addons.webextension.screenshots@mozilla.org	WARN	Loading extension 'screenshots@mozilla.org': Reading manifest: Invalid extension permission: resource://pdf.js/
1587382994771	addons.webextension.screenshots@mozilla.org	WARN	Loading extension 'screenshots@mozilla.org': Reading manifest: Invalid extension permission: about:reader*
[1587382995.983][WAJRNINaG]: vTimed out connecting to Chrome, retrying...
aScript error: resource://gre/modules/XULStore.jsm, line 66: Error: Can't find profile directory.
1587382997290	Marionette	INFO	Listening on port 5711
1587382997968	Marionette	WARN	TLS certificate errors will be ignored for this session
Apr 20, 2020 5:13:18 PM org.openqa.selenium.remote.ProtocolHandshake createSession
INFO: Detected dialect: W3C
Apr 20, 2020 5:13:18 PM org.openqa.selenium.remote.ProtocolHandshake createSession
INFO: Detected dialect: W3C
]]></system-err>
  </testcase>
  <testcase name="ValidLoginTest" classname="com.empirix.testCases.LoginTest" time="0">
    <skipped/>
  </testcase>
  <testcase name="ValidLoginTest" classname="com.empirix.testCases.LoginTest" time="54.734">
    <failure message="Unable to locate element: //label[(text()=&apos; Username &apos;)]/..//input&#10;For documentation on this error, please visit: https://www.seleniumhq.org/exceptions/no_such_element.html&#10;Build info: version: &apos;3.141.59&apos;, revision: &apos;e82be7d358&apos;, time: &apos;2018-11-14T08:17:03&apos;&#10;System info: host: &apos;IQA_MAYANKPARAS&apos;, ip: &apos;192.168.1.103&apos;, os.name: &apos;Windows 10&apos;, os.arch: &apos;amd64&apos;, os.version: &apos;10.0&apos;, java.version: &apos;1.8.0_221&apos;&#10;Driver info: org.openqa.selenium.firefox.FirefoxDriver&#10;Capabilities {acceptInsecureCerts: true, browserName: firefox, browserVersion: 74.0, javascriptEnabled: true, moz:accessibilityChecks: false, moz:buildID: 20200309095159, moz:geckodriverVersion: 0.26.0, moz:headless: false, moz:processID: 13280, moz:profile: C:\Users\Impactqa\AppData\L..., moz:shutdownTimeout: 60000, moz:useNonSpecCompliantPointerOrigin: false, moz:webdriverClick: true, pageLoadStrategy: normal, platform: WINDOWS, platformName: WINDOWS, platformVersion: 10.0, rotatable: false, setWindowRect: true, strictFileInteractability: false, timeouts: {implicit: 0, pageLoad: 300000, script: 30000}, unhandledPromptBehavior: dismiss and notify}&#10;Session ID: eb519ddf-9227-47fd-84ee-d6e69e48388b&#10;*** Element info: {Using=xpath, value=//label[(text()=&apos; Username &apos;)]/..//input}" type="org.openqa.selenium.NoSuchElementException"><![CDATA[org.openqa.selenium.NoSuchElementException: 
Unable to locate element: //label[(text()=' Username ')]/..//input
For documentation on this error, please visit: https://www.seleniumhq.org/exceptions/no_such_element.html
Build info: version: '3.141.59', revision: 'e82be7d358', time: '2018-11-14T08:17:03'
System info: host: 'IQA_MAYANKPARAS', ip: '192.168.1.103', os.name: 'Windows 10', os.arch: 'amd64', os.version: '10.0', java.version: '1.8.0_221'
Driver info: org.openqa.selenium.firefox.FirefoxDriver
Capabilities {acceptInsecureCerts: true, browserName: firefox, browserVersion: 74.0, javascriptEnabled: true, moz:accessibilityChecks: false, moz:buildID: 20200309095159, moz:geckodriverVersion: 0.26.0, moz:headless: false, moz:processID: 13280, moz:profile: C:\Users\Impactqa\AppData\L..., moz:shutdownTimeout: 60000, moz:useNonSpecCompliantPointerOrigin: false, moz:webdriverClick: true, pageLoadStrategy: normal, platform: WINDOWS, platformName: WINDOWS, platformVersion: 10.0, rotatable: false, setWindowRect: true, strictFileInteractability: false, timeouts: {implicit: 0, pageLoad: 300000, script: 30000}, unhandledPromptBehavior: dismiss and notify}
Session ID: eb519ddf-9227-47fd-84ee-d6e69e48388b
*** Element info: {Using=xpath, value=//label[(text()=' Username ')]/..//input}
	at com.empirix.testCases.LoginTest.ValidLoginTest(LoginTest.java:23)
]]></failure>
    <system-out><![CDATA[2020-04-20 17:13:42 INFO  Log:22 - https://services.empirix.com/ Url Navigated
https://services.empirix.com/ Url Navigated
2020-04-20 17:13:42 INFO  Log:12 - loginTest **********Test Start**********
2020-04-20 17:13:42 INFO  Log:22 - QA_traininguser25 is fetched from excel
2020-04-20 17:13:42 INFO  Log:22 - Empirix! is fetched from excel
2020-04-20 17:13:48 INFO  Log:22 - https://services.empirix.com/ Url Navigated
https://services.empirix.com/ Url Navigated
2020-04-20 17:13:48 INFO  Log:12 - loginTest **********Test Start**********
2020-04-20 17:13:48 INFO  Log:22 - QA_traininguser25 is fetched from excel
2020-04-20 17:13:48 INFO  Log:22 - Empirix! is fetched from excel
]]></system-out>
    <system-err><![CDATA[[1587383001.147][WARNING]: Timed out connecting to Chrome, retrying...
[1587383006.656][SEVERE]: Timed out receiving message from renderer: 0.100
[1587383006.786][SEVERE]: Timed out receiving message from renderer: 0.100
[1587383006.890][SEVERE]: Timed out receiving message from renderer: 0.100
[1587383006.991][SEVERE]: Timed out receiving message from renderer: 0.100
[1587383007.094][SEVERE]: Timed out receiving message from renderer: 0.100
[1587383007.196][SEVERE]: Timed out receiving message from renderer: 0.100
[1587383007.299][SEVERE]: Timed out receiving message from renderer: 0.100
[1587383007.403][SEVERE]: Timed out receiving message from renderer: 0.100
[1587383007.507][SEVERE]: Timed out receiving message from renderer: 0.100
[1587383007.609][SEVERE]: Timed out receiving message from renderer: 0.100
[1587383007.711][SEVERE]: Timed out receiving message from renderer: 0.100
[1587383007.815][SEVERE]: Timed out receiving message from renderer: 0.100
[1587383007.954][SEVERE]: Timed out receiving message from renderer: 0.100
[1587383008.056][SEVERE]: Timed out receiving message from renderer: 0.100
[1587383008.176][SEVERE]: Timed out receiving message from renderer: 0.100
[1587383008.285][SEVERE]: Timed out receiving message from renderer: 0.100
[1587383008.386][SEVERE]: Timed out receiving message from renderer: 0.100
[1587383008.495][SEVERE]: Timed out receiving message from renderer: 0.100
[1587383008.689][SEVERE]: Timed out receiving message from renderer: 0.100
[1587383008.795][SEVERE]: Timed out receiving message from renderer: 0.100
[1587383008.903][SEVERE]: Timed out receiving message from renderer: 0.100
[1587383009.020][SEVERE]: Timed out receiving message from renderer: 0.100
[1587383009.123][SEVERE]: Timed out receiving message from renderer: 0.100
[1587383009.226][SEVERE]: Timed out receiving message from renderer: 0.100
[1587383009.329][SEVERE]: Timed out receiving message from renderer: 0.100
[1587383009.437][SEVERE]: Timed out receiving message from renderer: 0.100
[1587383009.541][SEVERE]: Timed out receiving message from renderer: 0.100
[1587383009.712][SEVERE]: Timed out receiving message from renderer: 0.100
[1587383009.823][SEVERE]: Timed out receiving message from renderer: 0.100
[1587383009.930][SEVERE]: Timed out receiving message from renderer: 0.100
[1587383010.033][SEVERE]: Timed out receiving message from renderer: 0.100
[1587383010.137][SEVERE]: Timed out receiving message from renderer: 0.100
[1587383010.239][SEVERE]: Timed out receiving message from renderer: 0.100
[1587383010.339][SEVERE]: Timed out receiving message from renderer: 0.100
[1587383010.441][SEVERE]: Timed out receiving message from renderer: 0.100
[1587383010.543][SEVERE]: Timed out receiving message from renderer: 0.100
[1587383010.721][SEVERE]: Timed out receiving message from renderer: 0.100
[1587383010.822][SEVERE]: Timed out receiving message from renderer: 0.100
[1587383010.923][SEVERE]: Timed out receiving message from renderer: 0.100
[1587383011.025][SEVERE]: Timed out receiving message from renderer: 0.100
[1587383011.126][SEVERE]: Timed out receiving message from renderer: 0.100
[1587383011.271][SEVERE]: Timed out receiving message from renderer: 0.100
[1587383011.374][SEVERE]: Timed out receiving message from renderer: 0.100
[1587383011.475][SEVERE]: Timed out receiving message from renderer: 0.100
[1587383011.755][SEVERE]: Timed out receiving message from renderer: 0.100
[1587383011.858][SEVERE]: Timed out receiving message from renderer: 0.100
[1587383011.968][SEVERE]: Timed out receiving message from renderer: 0.100
[1587383012.073][SEVERE]: Timed out receiving message from renderer: 0.100
[1587383012.238][SEVERE]: Timed out receiving message from renderer: 0.100
[1587383012.340][SEVERE]: Timed out receiving message from renderer: 0.100
[1587383012.486][SEVERE]: Timed out receiving message from renderer: 0.100
[1587383012.606][SEVERE]: Timed out receiving message from renderer: 0.100
[1587383012.707][SEVERE]: Timed out receiving message from renderer: 0.100
[1587383012.808][SEVERE]: Timed out receiving message from renderer: 0.100
[1587383012.991][SEVERE]: Timed out receiving message from renderer: 0.100
[1587383013.091][SEVERE]: Timed out receiving message from renderer: 0.100
[1587383013.284][SEVERE]: Timed out receiving message from renderer: 0.100
[1587383013.386][SEVERE]: Timed out receiving message from renderer: 0.100
[1587383013.488][SEVERE]: Timed out receiving message from renderer: 0.100
[1587383013.590][SEVERE]: Timed out receiving message from renderer: 0.100
[1587383013.692][SEVERE]: Timed out receiving message from renderer: 0.100
[1587383013.797][SEVERE]: Timed out receiving message from renderer: 0.100
[1587383013.906][SEVERE]: Timed out receiving message from renderer: 0.100
[1587383014.008][SEVERE]: Timed out receiving message from renderer: 0.100
[1587383014.124][SEVERE]: Timed out receiving message from renderer: 0.100
[1587383014.225][SEVERE]: Timed out receiving message from renderer: 0.100
[1587383014.328][SEVERE]: Timed out receiving message from renderer: 0.100
[1587383014.467][SEVERE]: Timed out receiving message from renderer: 0.100
[1587383014.572][SEVERE]: Timed out receiving message from renderer: 0.100
[1587383014.686][SEVERE]: Timed out receiving message from renderer: 0.100
[1587383014.788][SEVERE]: Timed out receiving message from renderer: 0.100
[1587383014.892][SEVERE]: Timed out receiving message from renderer: 0.100
[1587383014.998][SEVERE]: Timed out receiving message from renderer: 0.100
[1587383015.102][SEVERE]: Timed out receiving message from renderer: 0.100
[1587383015.204][SEVERE]: Timed out receiving message from renderer: 0.100
[1587383015.306][SEVERE]: Timed out receiving message from renderer: 0.100
[1587383015.408][SEVERE]: Timed out receiving message from renderer: 0.100
[1587383015.516][SEVERE]: Timed out receiving message from renderer: 0.100
[1587383015.618][SEVERE]: Timed out receiving message from renderer: 0.100
[1587383015.720][SEVERE]: Timed out receiving message from renderer: 0.100
[1587383015.822][SEVERE]: Timed out receiving message from renderer: 0.100
[1587383015.923][SEVERE]: Timed out receiving message from renderer: 0.100
[1587383016.025][SEVERE]: Timed out receiving message from renderer: 0.100
[1587383016.132][SEVERE]: Timed out receiving message from renderer: 0.100
[1587383016.234][SEVERE]: Timed out receiving message from renderer: 0.100
[1587383016.336][SEVERE]: Timed out receiving message from renderer: 0.100
[1587383016.439][SEVERE]: Timed out receiving message from renderer: 0.100
[1587383016.541][SEVERE]: Timed out receiving message from renderer: 0.100
[1587383016.642][SEVERE]: Timed out receiving message from renderer: 0.100
[1587383016.745][SEVERE]: Timed out receiving message from renderer: 0.100
[1587383016.852][SEVERE]: Timed out receiving message from renderer: 0.100
[1587383016.954][SEVERE]: Timed out receiving message from renderer: 0.100
[1587383017.057][SEVERE]: Timed out receiving message from renderer: 0.100
[1587383017.160][SEVERE]: Timed out receiving message from renderer: 0.100
[1587383017.272][SEVERE]: Timed out receiving message from renderer: 0.100
[1587383017.377][SEVERE]: Timed out receiving message from renderer: 0.100
JavaScript error: https://services-sso.empirix.com/openam/XUI/libs/requirejs-2.1.14-min.js, line 8: Error: Load timeout for modules: org/forgerock/commons/ui/common/main/ValidatorsManager,org/forgerock/commons/ui/common/components/main,org/forgerock/commons/ui/common/NotFoundView,org/forgerock/commons/ui/common/EnableCookiesView,org/forgerock/commons/ui/common/LoginView,org/forgerock/commons/ui/common/LoginDialog,org/forgerock/commons/ui/common/LoggedUserBarView,org/forgerock/commons/ui/common/SiteConfigurator,org/forgerock/commons/ui/common/util/typeextentions/String,org/forgerock/commons/ui/common/util/CustomPolyfill,org/forgerock/commons/ui/common/main/AbstractConfigurationAware,org/forgerock/commons/ui/common/main/ProcessConfiguration,org/forgerock/commons/ui/common/main/ServiceInvoker,org/forgerock/commons/ui/common/main/ViewManager,org/forgerock/commons/ui/common/main/SpinnerManager,org/forgerock/commons/ui/common/main/ErrorsHandler,org/forgerock/commons/ui/common/main/SessionManager,org/forgerock/commons/ui/common/main/GenericRouteInterfaceMap,org/forgerock/commons/ui/user/profile/UserProfileView,org/forgerock/commons/ui/user/profile/ConfirmPasswordDialog
http://requirejs.org/docs/errors.html#timeout
[1587383017.508][SEVERE]: Timed out receiving message from renderer: 0.100
[1587383017.610][SEVERE]: Timed out receiving message from renderer: 0.100
[1587383017.713][SEVERE]: Timed out receiving message from renderer: 0.100
[1587383017.818][SEVERE]: Timed out receiving message from renderer: 0.100
[1587383018.002][SEVERE]: Timed out receiving message from renderer: 0.100
[1587383018.104][SEVERE]: Timed out receiving message from renderer: 0.100
[1587383018.206][SEVERE]: Timed out receiving message from renderer: 0.100
[1587383018.308][SEVERE]: Timed out receiving message from renderer: 0.100
[1587383018.464][SEVERE]: Timed out receiving message from renderer: 0.100
[1587383018.565][SEVERE]: Timed out receiving message from renderer: 0.100
[1587383018.666][SEVERE]: Timed out receiving message from renderer: 0.100
[1587383018.768][SEVERE]: Timed out receiving message from renderer: 0.100
[1587383018.870][SEVERE]: Timed out receiving message from renderer: 0.100
[1587383018.972][SEVERE]: Timed out receiving message from renderer: 0.100
[1587383019.075][SEVERE]: Timed out receiving message from renderer: 0.100
[1587383019.179][SEVERE]: Timed out receiving message from renderer: 0.100
[1587383019.284][SEVERE]: Timed out receiving message from renderer: 0.100
[1587383019.386][SEVERE]: Timed out receiving message from renderer: 0.100
[1587383019.488][SEVERE]: Timed out receiving message from renderer: 0.100
[1587383019.590][SEVERE]: Timed out receiving message from renderer: 0.100
[1587383019.693][SEVERE]: Timed out receiving message from renderer: 0.100
[1587383019.801][SEVERE]: Timed out receiving message from renderer: 0.100
[1587383019.907][SEVERE]: Timed out receiving message from renderer: 0.100
[1587383020.009][SEVERE]: Timed out receiving message from renderer: 0.100
[1587383020.113][SEVERE]: Timed out receiving message from renderer: 0.100
[1587383020.216][SEVERE]: Timed out receiving message from renderer: 0.100
[1587383020.317][SEVERE]: Timed out receiving message from renderer: 0.100
[1587383020.422][SEVERE]: Timed out receiving message from renderer: 0.100
[1587383020.530][SEVERE]: Timed out receiving message from renderer: 0.100
[1587383020.645][SEVERE]: Timed out receiving message from renderer: 0.100
[1587383020.785][SEVERE]: Timed out receiving message from renderer: 0.100
[1587383020.886][SEVERE]: Timed out receiving message from renderer: 0.100
[1587383021.017][SEVERE]: Timed out receiving message from renderer: 0.100
[1587383021.118][SEVERE]: Timed out receiving message from renderer: 0.100
[1587383021.219][SEVERE]: Timed out receiving message from renderer: 0.100
[1587383021.321][SEVERE]: Timed out receiving message from renderer: 0.100
[1587383021.426][SEVERE]: Timed out receiving message from renderer: 0.100
[1587383021.572][SEVERE]: Timed out receiving message from renderer: 0.100
[1587383021.676][SEVERE]: Timed out receiving message from renderer: 0.100
[1587383021.780][SEVERE]: Timed out receiving message from renderer: 0.100
[1587383021.888][SEVERE]: Timed out receiving message from renderer: 0.100
[1587383021.992][SEVERE]: Timed out receiving message from renderer: 0.100
[1587383022.099][SEVERE]: Timed out receiving message from renderer: 0.100
[1587383022.200][SEVERE]: Timed out receiving message from renderer: 0.100
[1587383022.315][SEVERE]: Timed out receiving message from renderer: 0.100
[1587383022.420][SEVERE]: Timed out receiving message from renderer: 0.100
[1587383022.526][SEVERE]: Timed out receiving message from renderer: 0.100
[1587383022.648][SEVERE]: Timed out receiving message from renderer: 0.100
[1587383022.764][SEVERE]: Timed out receiving message from renderer: 0.100
[1587383022.866][SEVERE]: Timed out receiving message from renderer: 0.100
[1587383022.968][SEVERE]: Timed out receiving message from renderer: 0.100
[1587383023.075][SEVERE]: Timed out receiving message from renderer: 0.100
[1587383023.176][SEVERE]: Timed out receiving message from renderer: 0.100
[1587383023.286][SEVERE]: Timed out receiving message from renderer: 0.100
[1587383023.388][SEVERE]: Timed out receiving message from renderer: 0.100
[1587383023.495][SEVERE]: Timed out receiving message from renderer: 0.100
[1587383023.598][SEVERE]: Timed out receiving message from renderer: 0.100
[1587383023.700][SEVERE]: Timed out receiving message from renderer: 0.100
[1587383023.801][SEVERE]: Timed out receiving message from renderer: 0.100
[1587383023.906][SEVERE]: Timed out receiving message from renderer: 0.100
[1587383024.009][SEVERE]: Timed out receiving message from renderer: 0.100
[1587383024.112][SEVERE]: Timed out receiving message from renderer: 0.100
[1587383024.213][SEVERE]: Timed out receiving message from renderer: 0.100
[1587383024.315][SEVERE]: Timed out receiving message from renderer: 0.100
[1587383024.418][SEVERE]: Timed out receiving message from renderer: 0.100
[1587383024.528][SEVERE]: Timed out receiving message from renderer: 0.100
[1587383024.633][SEVERE]: Timed out receiving message from renderer: 0.100
[1587383024.740][SEVERE]: Timed out receiving message from renderer: 0.100
[1587383024.843][SEVERE]: Timed out receiving message from renderer: 0.100
[1587383024.946][SEVERE]: Timed out receiving message from renderer: 0.100
[1587383025.048][SEVERE]: Timed out receiving message from renderer: 0.100
[1587383025.162][SEVERE]: Timed out receiving message from renderer: 0.100
[1587383025.264][SEVERE]: Timed out receiving message from renderer: 0.100
[1587383025.367][SEVERE]: Timed out receiving message from renderer: 0.100
[1587383025.483][SEVERE]: Timed out receiving message from renderer: 0.100
[1587383025.591][SEVERE]: Timed out receiving message from renderer: 0.100
[1587383025.692][SEVERE]: Timed out receiving message from renderer: 0.100
[1587383025.794][SEVERE]: Timed out receiving message from renderer: 0.100
[1587383025.896][SEVERE]: Timed out receiving message from renderer: 0.100
[1587383025.998][SEVERE]: Timed out receiving message from renderer: 0.100
[1587383026.099][SEVERE]: Timed out receiving message from renderer: 0.100
[1587383026.200][SEVERE]: Timed out receiving message from renderer: 0.100
[1587383026.302][SEVERE]: Timed out receiving message from renderer: 0.100
[1587383026.405][SEVERE]: Timed out receiving message from renderer: 0.100
[1587383026.507][SEVERE]: Timed out receiving message from renderer: 0.100
[1587383026.609][SEVERE]: Timed out receiving message from renderer: 0.100
[1587383026.711][SEVERE]: Timed out receiving message from renderer: 0.100
[1587383026.842][SEVERE]: Timed out receiving message from renderer: 0.100
[1587383026.944][SEVERE]: Timed out receiving message from renderer: 0.100
[1587383027.047][SEVERE]: Timed out receiving message from renderer: 0.100
[1587383027.150][SEVERE]: Timed out receiving message from renderer: 0.100
[1587383027.254][SEVERE]: Timed out receiving message from renderer: 0.100
[1587383027.356][SEVERE]: Timed out receiving message from renderer: 0.100
[1587383027.461][SEVERE]: Timed out receiving message from renderer: 0.100
[1587383027.563][SEVERE]: Timed out receiving message from renderer: 0.100
[1587383027.664][SEVERE]: Timed out receiving message from renderer: 0.100
[1587383027.765][SEVERE]: Timed out receiving message from renderer: 0.100
[1587383027.867][SEVERE]: Timed out receiving message from renderer: 0.100
[1587383027.970][SEVERE]: Timed out receiving message from renderer: 0.100
[1587383028.072][SEVERE]: Timed out receiving message from renderer: 0.100
]]></system-err>
  </testcase>
  <testcase name="ValidLoginTest" classname="com.empirix.testCases.LoginTest" time="76.857">
    <failure message="no such element: Unable to locate element: {&quot;method&quot;:&quot;xpath&quot;,&quot;selector&quot;:&quot;//a[@id=&apos;logo&apos;]&quot;}&#10;  (Session info: chrome=80.0.3987.163)&#10;For documentation on this error, please visit: https://www.seleniumhq.org/exceptions/no_such_element.html&#10;Build info: version: &apos;3.141.59&apos;, revision: &apos;e82be7d358&apos;, time: &apos;2018-11-14T08:17:03&apos;&#10;System info: host: &apos;IQA_MAYANKPARAS&apos;, ip: &apos;192.168.1.103&apos;, os.name: &apos;Windows 10&apos;, os.arch: &apos;amd64&apos;, os.version: &apos;10.0&apos;, java.version: &apos;1.8.0_221&apos;&#10;Driver info: org.openqa.selenium.chrome.ChromeDriver&#10;Capabilities {acceptInsecureCerts: false, browserName: chrome, browserVersion: 80.0.3987.163, chrome: {chromedriverVersion: 80.0.3987.106 (f68069574609..., userDataDir: C:\Users\Impactqa\AppData\L...}, goog:chromeOptions: {debuggerAddress: localhost:5713}, javascriptEnabled: true, networkConnectionEnabled: false, pageLoadStrategy: normal, platform: WINDOWS, platformName: WINDOWS, proxy: Proxy(), setWindowRect: true, strictFileInteractability: false, timeouts: {implicit: 0, pageLoad: 300000, script: 30000}, unhandledPromptBehavior: dismiss and notify}&#10;Session ID: 96509f84b77eb1f9fa615b42ade495b4&#10;*** Element info: {Using=xpath, value=//a[@id=&apos;logo&apos;]}" type="org.openqa.selenium.NoSuchElementException"><![CDATA[org.openqa.selenium.NoSuchElementException: 
no such element: Unable to locate element: {"method":"xpath","selector":"//a[@id='logo']"}
  (Session info: chrome=80.0.3987.163)
For documentation on this error, please visit: https://www.seleniumhq.org/exceptions/no_such_element.html
Build info: version: '3.141.59', revision: 'e82be7d358', time: '2018-11-14T08:17:03'
System info: host: 'IQA_MAYANKPARAS', ip: '192.168.1.103', os.name: 'Windows 10', os.arch: 'amd64', os.version: '10.0', java.version: '1.8.0_221'
Driver info: org.openqa.selenium.chrome.ChromeDriver
Capabilities {acceptInsecureCerts: false, browserName: chrome, browserVersion: 80.0.3987.163, chrome: {chromedriverVersion: 80.0.3987.106 (f68069574609..., userDataDir: C:\Users\Impactqa\AppData\L...}, goog:chromeOptions: {debuggerAddress: localhost:5713}, javascriptEnabled: true, networkConnectionEnabled: false, pageLoadStrategy: normal, platform: WINDOWS, platformName: WINDOWS, proxy: Proxy(), setWindowRect: true, strictFileInteractability: false, timeouts: {implicit: 0, pageLoad: 300000, script: 30000}, unhandledPromptBehavior: dismiss and notify}
Session ID: 96509f84b77eb1f9fa615b42ade495b4
*** Element info: {Using=xpath, value=//a[@id='logo']}
	at com.empirix.testCases.LoginTest.ValidLoginTest(LoginTest.java:24)
]]></failure>
  </testcase>
  <testcase name="tearDown" classname="com.empirix.testCases.LoginTest" time="0">
    <skipped/>
  </testcase>
  <testcase name="closeBrowser" classname="com.empirix.testCases.LoginTest" time="0.004">
    <failure type="java.lang.NullPointerException"><![CDATA[java.lang.NullPointerException
]]></failure>
  </testcase>
  <testcase name="closeBrowser" classname="com.empirix.testCases.LoginTest" time="55.932">
    <failure message="Tried to run command without establishing a connection&#10;Build info: version: &apos;3.141.59&apos;, revision: &apos;e82be7d358&apos;, time: &apos;2018-11-14T08:17:03&apos;&#10;System info: host: &apos;IQA_MAYANKPARAS&apos;, ip: &apos;192.168.1.103&apos;, os.name: &apos;Windows 10&apos;, os.arch: &apos;amd64&apos;, os.version: &apos;10.0&apos;, java.version: &apos;1.8.0_221&apos;&#10;Driver info: org.openqa.selenium.firefox.FirefoxDriver&#10;Capabilities {acceptInsecureCerts: true, browserName: firefox, browserVersion: 74.0, javascriptEnabled: true, moz:accessibilityChecks: false, moz:buildID: 20200309095159, moz:geckodriverVersion: 0.26.0, moz:headless: false, moz:processID: 13280, moz:profile: C:\Users\Impactqa\AppData\L..., moz:shutdownTimeout: 60000, moz:useNonSpecCompliantPointerOrigin: false, moz:webdriverClick: true, pageLoadStrategy: normal, platform: WINDOWS, platformName: WINDOWS, platformVersion: 10.0, rotatable: false, setWindowRect: true, strictFileInteractability: false, timeouts: {implicit: 0, pageLoad: 300000, script: 30000}, unhandledPromptBehavior: dismiss and notify}&#10;Session ID: eb519ddf-9227-47fd-84ee-d6e69e48388b" type="org.openqa.selenium.NoSuchSessionException"><![CDATA[org.openqa.selenium.NoSuchSessionException: 
Tried to run command without establishing a connection
Build info: version: '3.141.59', revision: 'e82be7d358', time: '2018-11-14T08:17:03'
System info: host: 'IQA_MAYANKPARAS', ip: '192.168.1.103', os.name: 'Windows 10', os.arch: 'amd64', os.version: '10.0', java.version: '1.8.0_221'
Driver info: org.openqa.selenium.firefox.FirefoxDriver
Capabilities {acceptInsecureCerts: true, browserName: firefox, browserVersion: 74.0, javascriptEnabled: true, moz:accessibilityChecks: false, moz:buildID: 20200309095159, moz:geckodriverVersion: 0.26.0, moz:headless: false, moz:processID: 13280, moz:profile: C:\Users\Impactqa\AppData\L..., moz:shutdownTimeout: 60000, moz:useNonSpecCompliantPointerOrigin: false, moz:webdriverClick: true, pageLoadStrategy: normal, platform: WINDOWS, platformName: WINDOWS, platformVersion: 10.0, rotatable: false, setWindowRect: true, strictFileInteractability: false, timeouts: {implicit: 0, pageLoad: 300000, script: 30000}, unhandledPromptBehavior: dismiss and notify}
Session ID: eb519ddf-9227-47fd-84ee-d6e69e48388b
]]></failure>
    <system-out><![CDATA[Screenshot has been taken
2020-04-20 17:14:43 INFO  Log:22 - ValidLoginTest Screenshot has been taken
Browser Closed
]]></system-out>
    <system-err><![CDATA[1587383083079	Marionette	INFO	Stopped listening on port 5711

###!!! [Child][RunMessage] Error: Channel closing: too late to send/recv, messages will be lost


###!!! [Child][MessageChannel::SendAndWait] Error: Channel error: cannot send/recv

]]></system-err>
  </testcase>
</testsuite>